SF:src/DynamicDiff.jl
LH:0
LF:0
end_of_record
SF:src/expression_derivative.jl
DA:17,14
DA:18,140
DA:19,140
DA:20,140
DA:21,140
DA:22,140
DA:23,138
DA:24,138
DA:25,132
DA:26,132
DA:32,264
DA:33,132
DA:40,6
DA:43,138
DA:46,6
DA:52,132
DA:53,132
DA:54,132
DA:55,132
DA:56,132
DA:59,85
DA:62,279
DA:63,32
DA:67,270
DA:68,27
DA:72,264
DA:73,26
DA:78,324
DA:81,43
DA:83,162
DA:84,162
DA:89,162
DA:92,277
DA:94,12
DA:96,265
DA:97,265
DA:99,39
DA:100,226
DA:102,92
DA:104,134
DA:105,8
DA:106,126
DA:107,15
DA:108,111
DA:109,16
DA:111,371
DA:117,134
DA:119,116
DA:122,902
DA:130,162
DA:131,87
DA:132,87
DA:133,87
DA:134,36
DA:135,51
DA:138,41
DA:142,85
DA:143,61
DA:145,24
DA:152,62
DA:156,541
DA:157,787
DA:164,130
DA:170,10
DA:171,24
DA:172,19
DA:173,16
DA:174,2
DA:181,10
DA:183,8
DA:186,794
DA:189,21
DA:194,535
DA:196,397
DA:197,397
DA:198,113
DA:200,284
DA:201,122
DA:207,742
DA:212,397
DA:216,138
DA:219,20
DA:220,138
DA:229,291
DA:232,34
DA:253,291
DA:259,291
LH:87
LF:87
end_of_record
SF:src/operator_derivatives.jl
DA:17,170
DA:35,170
DA:45,2
DA:46,6
DA:49,10
DA:50,10
DA:51,6
DA:53,10
DA:54,10
DA:56,0
DA:59,11
DA:60,17
DA:62,4
DA:63,10
DA:70,22
DA:74,2
DA:75,22
DA:79,18
DA:83,1
DA:84,18
DA:88,5
DA:92,23
DA:96,4
DA:97,4
DA:100,16
DA:101,18
DA:102,18
DA:103,21
DA:104,4
DA:113,14
DA:118,0
DA:125,1
DA:126,1
DA:127,1
DA:136,4
DA:137,1
DA:159,94
DA:161,3
DA:163,56
DA:164,38
DA:190,1
DA:191,1
DA:203,411
DA:205,5
DA:208,125
DA:210,125
DA:211,110
DA:213,111
DA:223,6
DA:224,6
DA:227,7
DA:228,7
DA:229,7
LH:51
LF:53
end_of_record
SF:src/utils.jl
DA:4,6
DA:5,6
DA:16,10
DA:20,15
LH:4
LF:4
end_of_record
